This file contains any messages produced by compilers while
running configure, to aid debugging if configure makes a mistake.

configure:582: checking whether make sets ${MAKE}
configure:611: checking for gcc
configure:724: checking whether the C compiler (gcc  ) works
configure:740: gcc -o conftest    conftest.c  1>&5
configure:737:1: warning: return type defaults to 'int' [-Wimplicit-int]
 main(){return(0);}
 ^
configure:766: checking whether the C compiler (gcc  ) is a cross-compiler
configure:771: checking whether we are using GNU C
configure:780: gcc -E conftest.c
configure:799: checking whether gcc accepts -g
configure:831: checking how to run the C preprocessor
configure:852: gcc -E  conftest.c >/dev/null 2>conftest.out
configure:941: checking for a BSD compatible install
configure:996: checking for ranlib
configure:1024: checking whether ln -s works
configure:1047: checking for ANSI C header files
configure:1060: gcc -E  conftest.c >/dev/null 2>conftest.out
configure:1127: gcc -o conftest -g -O2   conftest.c  1>&5
configure: In function 'main':
configure:1122:67: warning: implicit declaration of function 'exit' [-Wimplicit-function-declaration]
 if (XOR (islower (i), ISLOWER (i)) || toupper (i) != TOUPPER (i)) exit(2);
                                                                   ^
configure:1122:67: warning: incompatible implicit declaration of built-in function 'exit'
configure:1122:67: note: include '<stdlib.h>' or provide a declaration of 'exit'
configure:1123:1: warning: incompatible implicit declaration of built-in function 'exit'
 exit (0); }
 ^
configure:1123:1: note: include '<stdlib.h>' or provide a declaration of 'exit'
configure:1154: checking for unistd.h
configure:1164: gcc -E  conftest.c >/dev/null 2>conftest.out
configure:1154: checking for stdint.h
configure:1164: gcc -E  conftest.c >/dev/null 2>conftest.out
configure:1154: checking for fcntl.h
configure:1164: gcc -E  conftest.c >/dev/null 2>conftest.out
configure:1194: checking for elf.h
configure:1204: gcc -E  conftest.c >/dev/null 2>conftest.out
configure:1200:17: fatal error: elf.h: No such file or directory
 #include <$ac_hdr>
                 ^
compilation terminated.
configure: failed program was:
#line 1199 "configure"
#include "confdefs.h"
#include <elf.h>
configure:1194: checking for sys/elf.h
configure:1204: gcc -E  conftest.c >/dev/null 2>conftest.out
configure:1200:21: fatal error: sys/elf.h: No such file or directory
compilation terminated.
configure: failed program was:
#line 1199 "configure"
#include "confdefs.h"
#include <sys/elf.h>
configure:1194: checking for link.h
configure:1204: gcc -E  conftest.c >/dev/null 2>conftest.out
configure:1200:18: fatal error: link.h: No such file or directory
 #include <$ac_hdr>
                  ^
compilation terminated.
configure: failed program was:
#line 1199 "configure"
#include "confdefs.h"
#include <link.h>
configure:1194: checking for sys/link.h
configure:1204: gcc -E  conftest.c >/dev/null 2>conftest.out
configure:1200:22: fatal error: sys/link.h: No such file or directory
compilation terminated.
configure: failed program was:
#line 1199 "configure"
#include "confdefs.h"
#include <sys/link.h>
configure:1231: checking if gcc can compile elf.h
configure:1248: gcc -c -g -O2  conftest.c 1>&5
configure: In function 'main':
configure:1244:1: error: unknown type name 'Elf32_Ehdr'
 Elf32_Ehdr dummy
 ^
configure: failed program was:
#line 1237 "configure"
#include "confdefs.h"
#if HAVE_ELF_H
    #include <elf.h>
    #elif HAVE_SYS_ELF_H
    #include <sys/elf.h>
    #endif
int main() {
Elf32_Ehdr dummy
; return 0; }
configure:1282: checking for ar.h
configure:1292: gcc -E  conftest.c >/dev/null 2>conftest.out
configure:1288:16: fatal error: ar.h: No such file or directory
 #include <$ac_hdr>
                ^
compilation terminated.
configure: failed program was:
#line 1287 "configure"
#include "confdefs.h"
#include <ar.h>
configure:1282: checking for libelf.h
configure:1292: gcc -E  conftest.c >/dev/null 2>conftest.out
configure:1288:20: fatal error: libelf.h: No such file or directory
compilation terminated.
configure: failed program was:
#line 1287 "configure"
#include "confdefs.h"
#include <libelf.h>
configure:1282: checking for nlist.h
configure:1292: gcc -E  conftest.c >/dev/null 2>conftest.out
configure:1288:19: fatal error: nlist.h: No such file or directory
compilation terminated.
configure: failed program was:
#line 1287 "configure"
#include "confdefs.h"
#include <nlist.h>
configure:1282: checking for gelf.h
configure:1292: gcc -E  conftest.c >/dev/null 2>conftest.out
configure:1288:18: fatal error: gelf.h: No such file or directory
 #include <$ac_hdr>
                  ^
compilation terminated.
configure: failed program was:
#line 1287 "configure"
#include "confdefs.h"
#include <gelf.h>
configure:1319: checking whether to install <libelf.h>, <nlist.h> and <gelf.h>
configure:1335: checking for working const
configure:1389: gcc -c -g -O2  conftest.c 1>&5
configure:1410: checking for off_t
configure:1443: checking for size_t
configure:1477: checking size of short
configure:1496: gcc -o conftest -g -O2   conftest.c  1>&5
configure:1487:1: warning: return type defaults to 'int' [-Wimplicit-int]
 main()
 ^
configure: In function 'main':
configure:1490:11: warning: implicit declaration of function 'exit' [-Wimplicit-function-declaration]
   if (!f) exit(1);
           ^
configure:1490:11: warning: incompatible implicit declaration of built-in function 'exit'
configure:1490:11: note: include '<stdlib.h>' or provide a declaration of 'exit'
configure:1492:3: warning: incompatible implicit declaration of built-in function 'exit'
   exit(0);
   ^
configure:1492:3: note: include '<stdlib.h>' or provide a declaration of 'exit'
configure:1516: checking size of int
configure:1535: gcc -o conftest -g -O2   conftest.c  1>&5
configure:1526:1: warning: return type defaults to 'int' [-Wimplicit-int]
 main()
 ^
configure: In function 'main':
configure:1529:11: warning: implicit declaration of function 'exit' [-Wimplicit-function-declaration]
   if (!f) exit(1);
           ^
configure:1529:11: warning: incompatible implicit declaration of built-in function 'exit'
configure:1529:11: note: include '<stdlib.h>' or provide a declaration of 'exit'
configure:1531:3: warning: incompatible implicit declaration of built-in function 'exit'
   exit(0);
   ^
configure:1531:3: note: include '<stdlib.h>' or provide a declaration of 'exit'
configure:1555: checking size of long
configure:1574: gcc -o conftest -g -O2   conftest.c  1>&5
configure:1565:1: warning: return type defaults to 'int' [-Wimplicit-int]
 main()
 ^
configure: In function 'main':
configure:1568:11: warning: implicit declaration of function 'exit' [-Wimplicit-function-declaration]
   if (!f) exit(1);
           ^
configure:1568:11: warning: incompatible implicit declaration of built-in function 'exit'
configure:1568:11: note: include '<stdlib.h>' or provide a declaration of 'exit'
configure:1570:3: warning: incompatible implicit declaration of built-in function 'exit'
   exit(0);
   ^
configure:1570:3: note: include '<stdlib.h>' or provide a declaration of 'exit'
configure:1594: checking size of long long
configure:1613: gcc -o conftest -g -O2   conftest.c  1>&5
configure:1604:1: warning: return type defaults to 'int' [-Wimplicit-int]
 main()
 ^
configure: In function 'main':
configure:1607:11: warning: implicit declaration of function 'exit' [-Wimplicit-function-declaration]
   if (!f) exit(1);
           ^
configure:1607:11: warning: incompatible implicit declaration of built-in function 'exit'
configure:1607:11: note: include '<stdlib.h>' or provide a declaration of 'exit'
configure:1609:3: warning: incompatible implicit declaration of built-in function 'exit'
   exit(0);
   ^
configure:1609:3: note: include '<stdlib.h>' or provide a declaration of 'exit'
configure:1634: checking size of __int64
configure:1653: gcc -o conftest -g -O2   conftest.c  1>&5
configure:1644:1: warning: return type defaults to 'int' [-Wimplicit-int]
 main()
 ^
configure: In function 'main':
configure:1647:11: warning: implicit declaration of function 'exit' [-Wimplicit-function-declaration]
   if (!f) exit(1);
           ^
configure:1647:11: warning: incompatible implicit declaration of built-in function 'exit'
configure:1647:11: note: include '<stdlib.h>' or provide a declaration of 'exit'
configure:1649:3: warning: incompatible implicit declaration of built-in function 'exit'
   exit(0);
   ^
configure:1649:3: note: include '<stdlib.h>' or provide a declaration of 'exit'
configure:2046: checking for 64-bit integer
configure:2077: checking for 32-bit integer
configure:2106: checking for 16-bit integer
configure:2138: checking for unistd.h
configure:2177: checking for getpagesize
configure:2205: gcc -o conftest -g -O2   conftest.c  1>&5
configure:2230: checking for working mmap
configure:2378: gcc -o conftest -g -O2   conftest.c  1>&5
configure:2263:22: fatal error: sys/mman.h: No such file or directory
compilation terminated.
configure: failed program was:
#line 2238 "configure"
#include "confdefs.h"

/* Thanks to Mike Haertel and Jim Avera for this test.
   Here is a matrix of mmap possibilities:
	mmap private not fixed
	mmap private fixed at somewhere currently unmapped
	mmap private fixed at somewhere already mapped
	mmap shared not fixed
	mmap shared fixed at somewhere currently unmapped
	mmap shared fixed at somewhere already mapped
   For private mappings, we should verify that changes cannot be read()
   back from the file, nor mmap's back from the file at a different
   address.  (There have been systems where private was not correctly
   implemented like the infamous i386 svr4.0, and systems where the
   VM page cache was not coherent with the filesystem buffer cache
   like early versions of FreeBSD and possibly contemporary NetBSD.)
   For shared mappings, we should conversely verify that changes get
   propogated back to all the places they're supposed to be.

   Grep wants private fixed already mapped.
   The main things grep needs to know about mmap are:
   * does it exist and is it safe to write into the mmap'd area
   * how to use it (BSD variants)  */
#include <sys/types.h>
#include <fcntl.h>
#include <sys/mman.h>

/* This mess was copied from the GNU getpagesize.h.  */
#ifndef HAVE_GETPAGESIZE
# ifdef HAVE_UNISTD_H
#  include <unistd.h>
# endif

/* Assume that all systems that can run configure have sys/param.h.  */
# ifndef HAVE_SYS_PARAM_H
#  define HAVE_SYS_PARAM_H 1
# endif

# ifdef _SC_PAGESIZE
#  define getpagesize() sysconf(_SC_PAGESIZE)
# else /* no _SC_PAGESIZE */
#  ifdef HAVE_SYS_PARAM_H
#   include <sys/param.h>
#   ifdef EXEC_PAGESIZE
#    define getpagesize() EXEC_PAGESIZE
#   else /* no EXEC_PAGESIZE */
#    ifdef NBPG
#     define getpagesize() NBPG * CLSIZE
#     ifndef CLSIZE
#      define CLSIZE 1
#     endif /* no CLSIZE */
#    else /* no NBPG */
#     ifdef NBPC
#      define getpagesize() NBPC
#     else /* no NBPC */
#      ifdef PAGESIZE
#       define getpagesize() PAGESIZE
#      endif /* PAGESIZE */
#     endif /* no NBPC */
#    endif /* no NBPG */
#   endif /* no EXEC_PAGESIZE */
#  else /* no HAVE_SYS_PARAM_H */
#   define getpagesize() 8192	/* punt totally */
#  endif /* no HAVE_SYS_PARAM_H */
# endif /* no _SC_PAGESIZE */

#endif /* no HAVE_GETPAGESIZE */

#ifdef __cplusplus
extern "C" { void *malloc(unsigned); }
#else
char *malloc();
#endif

int
main()
{
	char *data, *data2, *data3;
	int i, pagesize;
	int fd;

	pagesize = getpagesize();

	/*
	 * First, make a file with some known garbage in it.
	 */
	data = malloc(pagesize);
	if (!data)
		exit(1);
	for (i = 0; i < pagesize; ++i)
		*(data + i) = rand();
	umask(0);
	fd = creat("conftestmmap", 0600);
	if (fd < 0)
		exit(1);
	if (write(fd, data, pagesize) != pagesize)
		exit(1);
	close(fd);

	/*
	 * Next, try to mmap the file at a fixed address which
	 * already has something else allocated at it.  If we can,
	 * also make sure that we see the same garbage.
	 */
	fd = open("conftestmmap", O_RDWR);
	if (fd < 0)
		exit(1);
	data2 = malloc(2 * pagesize);
	if (!data2)
		exit(1);
	data2 += (pagesize - ((int) data2 & (pagesize - 1))) & (pagesize - 1);
	if (data2 != mmap(data2, pagesize, PROT_READ | PROT_WRITE,
	    MAP_PRIVATE | MAP_FIXED, fd, 0L))
		exit(1);
	for (i = 0; i < pagesize; ++i)
		if (*(data + i) != *(data2 + i))
			exit(1);

	/*
	 * Finally, make sure that changes to the mapped area
	 * do not percolate back to the file as seen by read().
	 * (This is a bug on some variants of i386 svr4.0.)
	 */
	for (i = 0; i < pagesize; ++i)
		*(data2 + i) = *(data2 + i) + 1;
	data3 = malloc(pagesize);
	if (!data3)
		exit(1);
	if (read(fd, data3, pagesize) != pagesize)
		exit(1);
	for (i = 0; i < pagesize; ++i)
		if (*(data + i) != *(data3 + i))
			exit(1);
	close(fd);
	unlink("conftestmmap");
	exit(0);
}

configure:2403: checking for ftruncate
configure:2431: gcc -o conftest -g -O2   conftest.c  1>&5
configure:2403: checking for memcmp
configure:2431: gcc -o conftest -g -O2   conftest.c  1>&5
configure:2415:6: warning: conflicting types for built-in function 'memcmp'
 char $ac_func();
      ^
configure:2403: checking for memcpy
configure:2431: gcc -o conftest -g -O2   conftest.c  1>&5
configure:2415:6: warning: conflicting types for built-in function 'memcpy'
 char $ac_func();
      ^
configure:2403: checking for memmove
configure:2431: gcc -o conftest -g -O2   conftest.c  1>&5
configure:2415:6: warning: conflicting types for built-in function 'memmove'
 char $ac_func();
      ^
configure:2458: checking for memset
configure:2486: gcc -o conftest -g -O2   conftest.c  1>&5
configure:2470:6: warning: conflicting types for built-in function 'memset'
 char $ac_func();
      ^
configure:2520: checking whether overlapping arrays are copied correctly
configure:2545: gcc -o conftest -g -O2   conftest.c  1>&5
configure:2537:1: warning: return type defaults to 'int' [-Wimplicit-int]
 main() {
 ^
configure: In function 'main':
configure:2540:34: warning: implicit declaration of function 'exit' [-Wimplicit-function-declaration]
   if (strcmp(buf, "0012345678")) exit(1);
                                  ^
configure:2540:34: warning: incompatible implicit declaration of built-in function 'exit'
configure:2540:34: note: include '<stdlib.h>' or provide a declaration of 'exit'
configure:2541:3: warning: incompatible implicit declaration of built-in function 'exit'
   exit(0);
   ^
configure:2541:3: note: include '<stdlib.h>' or provide a declaration of 'exit'
configure:2568: checking the coffee machine
configure:2578: checking whether 64-bit ELF support is sufficient
configure:2581: checking whether to include 64-bit support
configure:2603: checking whether versioning support is sufficient
configure:2623: checking whether to include versioning support
configure:2661: checking whether NLS is requested
configure:2678: checking for dgettext
configure:2691: gcc -o conftest -g -O2   conftest.c  1>&5
configure:2685:21: fatal error: libintl.h: No such file or directory
compilation terminated.
configure: failed program was:
#line 2684 "configure"
#include "confdefs.h"
#include <libintl.h>
int main() {
char *s = dgettext("", ""); return 0
; return 0; }
configure:2969: checking for catgets
configure:2982: gcc -o conftest -g -O2   conftest.c  1>&5
configure:2976:22: fatal error: nl_types.h: No such file or directory
compilation terminated.
configure: failed program was:
#line 2975 "configure"
#include "confdefs.h"
#include <nl_types.h>
int main() {
catgets(catopen("",0),0,0,"");return 0;
; return 0; }
configure:3146: checking for gettext in -lintl
configure:3165: gcc -o conftest -g -O2   conftest.c -lintl   1>&5
configure:3158:6: warning: conflicting types for built-in function 'gettext'
 char gettext();
      ^
d:/mingw/bin/../lib/gcc/mingw32/5.1.0/../../../../mingw32/bin/ld.exe: cannot find -lintl
collect2.exe: error: ld returned 1 exit status
configure: failed program was:
#line 3154 "configure"
#include "confdefs.h"
/* Override any gcc2 internal prototype to avoid an error.  */
/* We use char because int might match the return type of a gcc2
    builtin and then its argument prototype would still apply.  */
char gettext();

int main() {
gettext()
; return 0; }
configure:3194: checking host system type
configure:3224: checking whether to build a shared library
configure:3236: checking whether GNU naming conventions are requested
configure:3251: checking for ld
