This file contains any messages produced by compilers while
running configure, to aid debugging if configure makes a mistake.

It was created by libuuid configure 1.0.3, which was
generated by GNU Autoconf 2.69.  Invocation command line was

  $ configure 

## --------- ##
## Platform. ##
## --------- ##

hostname = AlienWare14
uname -m = i686
uname -r = 1.0.18(0.48/3/2)
uname -s = MINGW32_NT-6.2
uname -v = 2012-11-21 22:34

/usr/bin/uname -p = unknown
/bin/uname -X     = unknown

/bin/arch              = unknown
/usr/bin/arch -k       = unknown
/usr/convex/getsysinfo = unknown
/usr/bin/hostinfo      = unknown
/bin/machine           = unknown
/usr/bin/oslevel       = unknown
/bin/universe          = unknown

PATH: /d/mingw/bin
PATH: /usr/bin
PATH: /c/Program Files (x86)/NVIDIA Corporation/PhysX/Common
PATH: /c/Windows/system32
PATH: /c/Windows
PATH: /c/Windows/System32/Wbem
PATH: /c/Windows/System32/WindowsPowerShell/v1.0/
PATH: /c/bin
PATH: /c/Program Files (x86)/Windows Kits/10/Windows Performance Toolkit/


## ----------- ##
## Core tests. ##
## ----------- ##

configure:2486: checking for a BSD-compatible install
configure:2554: result: /usr/bin/install -c
configure:2565: checking whether build environment is sane
configure:2620: result: yes
configure:2771: checking for a thread-safe mkdir -p
configure:2810: result: /usr/bin/mkdir -p
configure:2817: checking for gawk
configure:2833: found /usr/bin/gawk
configure:2844: result: gawk
configure:2855: checking whether make sets $(MAKE)
configure:2877: result: yes
configure:2906: checking whether make supports nested variables
configure:2923: result: yes
configure:3036: checking build system type
configure:3050: result: i686-pc-mingw32
configure:3070: checking host system type
configure:3083: result: i686-pc-mingw32
configure:3124: checking how to print strings
configure:3151: result: printf
configure:3184: checking for style of include used by make
configure:3212: result: GNU
configure:3283: checking for gcc
configure:3299: found /d/mingw/bin/gcc
configure:3310: result: gcc
configure:3539: checking for C compiler version
configure:3548: gcc --version >&5
gcc.exe (tdm-1) 5.1.0
Copyright (C) 2015 Free Software Foundation, Inc.
This is free software; see the source for copying conditions.  There is NO
warranty; not even for MERCHANTABILITY or FITNESS FOR A PARTICULAR PURPOSE.

configure:3559: $? = 0
configure:3548: gcc -v >&5
Using built-in specs.
COLLECT_GCC=d:\mingw\bin\gcc.exe
COLLECT_LTO_WRAPPER=d:/mingw/bin/../libexec/gcc/mingw32/5.1.0/lto-wrapper.exe
Target: mingw32
Configured with: ../../../src/gcc-5.1.0/configure --build=mingw32 --enable-languages=ada,c,c++,fortran,lto,objc,obj-c++ --enable-libgomp --enable-lto --enable-graphite --enable-libstdcxx-debug --enable-threads=posix --enable-version-specific-runtime-libs --enable-fully-dynamic-string --enable-libstdcxx-threads --enable-libstdcxx-time --with-gnu-ld --disable-werror --disable-nls --disable-win32-registry --disable-symvers --enable-cxx-flags='-fno-function-sections -fno-data-sections -DWINPTHREAD_STATIC' --prefix=/mingw32tdm --with-local-prefix=/mingw32tdm --with-pkgversion=tdm-1 --enable-sjlj-exceptions --with-bugurl=http://tdm-gcc.tdragon.net/bugs
Thread model: posix
gcc version 5.1.0 (tdm-1) 
configure:3559: $? = 0
configure:3548: gcc -V >&5
gcc.exe: error: unrecognized command line option '-V'
gcc.exe: fatal error: no input files
compilation terminated.
configure:3559: $? = 1
configure:3548: gcc -qversion >&5
gcc.exe: error: unrecognized command line option '-qversion'
gcc.exe: fatal error: no input files
compilation terminated.
configure:3559: $? = 1
configure:3579: checking whether the C compiler works
configure:3601: gcc    conftest.c  >&5
configure:3605: $? = 0
configure:3653: result: yes
configure:3656: checking for C compiler default output file name
configure:3658: result: a.exe
configure:3664: checking for suffix of executables
configure:3671: gcc -o conftest.exe    conftest.c  >&5
configure:3675: $? = 0
configure:3697: result: .exe
configure:3719: checking whether we are cross compiling
configure:3727: gcc -o conftest.exe    conftest.c  >&5
configure:3731: $? = 0
configure:3738: ./conftest.exe
configure:3742: $? = 0
configure:3757: result: no
configure:3762: checking for suffix of object files
configure:3784: gcc -c   conftest.c >&5
configure:3788: $? = 0
configure:3809: result: o
configure:3813: checking whether we are using the GNU C compiler
configure:3832: gcc -c   conftest.c >&5
configure:3832: $? = 0
configure:3841: result: yes
configure:3850: checking whether gcc accepts -g
configure:3870: gcc -c -g  conftest.c >&5
configure:3870: $? = 0
configure:3911: result: yes
configure:3928: checking for gcc option to accept ISO C89
configure:3991: gcc  -c -g -O2  conftest.c >&5
configure:3991: $? = 0
configure:4004: result: none needed
configure:4026: checking dependency style of gcc
configure:4137: result: gcc3
configure:4152: checking for a sed that does not truncate output
configure:4216: result: /usr/bin/sed
configure:4234: checking for grep that handles long lines and -e
configure:4292: result: /usr/bin/grep
configure:4297: checking for egrep
configure:4359: result: /usr/bin/grep -E
configure:4364: checking for fgrep
configure:4426: result: /usr/bin/grep -F
configure:4461: checking for ld used by gcc
configure:4528: result: d:/mingw/mingw32/bin/ld.exe
configure:4535: checking if the linker (d:/mingw/mingw32/bin/ld.exe) is GNU ld
configure:4550: result: yes
configure:4562: checking for BSD- or MS-compatible name lister (nm)
configure:4611: result: /d/mingw/bin/nm
configure:4741: checking the name lister (/d/mingw/bin/nm) interface
configure:4748: gcc -c -g -O2  conftest.c >&5
configure:4751: /d/mingw/bin/nm "conftest.o"
configure:4754: output
00000000 b .bss
00000000 d .data
00000000 N .debug_abbrev
00000000 N .debug_aranges
00000000 N .debug_info
00000000 N .debug_line
00000000 r .rdata$zzz
00000000 t .text
00000000 B _some_variable
configure:4761: result: BSD nm
configure:4764: checking whether ln -s works
configure:4771: result: no, using cp -pR
configure:4776: checking the maximum length of command line arguments
configure:4906: result: 8192
configure:4923: checking whether the shell understands some XSI constructs
configure:4933: result: yes
configure:4937: checking whether the shell understands "+="
configure:4943: result: yes
configure:4978: checking how to convert i686-pc-mingw32 file names to i686-pc-mingw32 format
configure:5018: result: func_convert_file_msys_to_w32
configure:5025: checking how to convert i686-pc-mingw32 file names to toolchain format
configure:5045: result: func_convert_file_msys_to_w32
configure:5052: checking for d:/mingw/mingw32/bin/ld.exe option to reload object files
configure:5059: result: -r
configure:5133: checking for objdump
configure:5149: found /d/mingw/bin/objdump
configure:5160: result: objdump
configure:5192: checking how to recognize dependent libraries
configure:5394: result: file_magic ^x86 archive import|^x86 DLL
configure:5479: checking for dlltool
configure:5495: found /d/mingw/bin/dlltool
configure:5506: result: dlltool
configure:5539: checking how to associate runtime and link libraries
configure:5566: result: func_cygming_dll_for_implib
configure:5627: checking for ar
configure:5643: found /d/mingw/bin/ar
configure:5654: result: ar
configure:5691: checking for archiver @FILE support
configure:5708: gcc -c -g -O2  conftest.c >&5
configure:5708: $? = 0
configure:5711: ar cru libconftest.a @conftest.lst >&5
configure:5714: $? = 0
configure:5719: ar cru libconftest.a @conftest.lst >&5
d:\mingw\bin\ar.exe: conftest.o: No such file or directory
configure:5722: $? = 1
configure:5734: result: @
configure:5792: checking for strip
configure:5808: found /d/mingw/bin/strip
configure:5819: result: strip
configure:5891: checking for ranlib
configure:5907: found /d/mingw/bin/ranlib
configure:5918: result: ranlib
configure:6020: checking command to parse /d/mingw/bin/nm output from gcc object
configure:6140: gcc -c -g -O2  conftest.c >&5
configure:6143: $? = 0
configure:6147: /d/mingw/bin/nm conftest.o \| sed -n -e 's/^.*[ ]\([ABCDGIRSTW][ABCDGIRSTW]*\)[ ][ ]*\([_A-Za-z][_A-Za-z0-9]*\)\{0,1\}$/\1 \2 \2/p' | sed '/ __gnu_lto/d' \> conftest.nm
configure:6150: $? = 0
cannot find nm_test_var in conftest.nm
configure:6140: gcc -c -g -O2  conftest.c >&5
configure:6143: $? = 0
configure:6147: /d/mingw/bin/nm conftest.o \| sed -n -e 's/^.*[ ]\([ABCDGIRSTW][ABCDGIRSTW]*\)[ ][ ]*_\([_A-Za-z][_A-Za-z0-9]*\)\{0,1\}$/\1 _\2 \2/p' | sed '/ __gnu_lto/d' \> conftest.nm
configure:6150: $? = 0
configure:6216: gcc -o conftest.exe -g -O2   conftest.c conftstm.o >&5
configure:6219: $? = 0
configure:6257: result: ok
configure:6294: checking for sysroot
configure:6324: result: no
configure:6586: checking for mt
configure:6616: result: no
configure:6636: checking if : is a manifest tool
configure:6642: : '-?'
configure:6650: result: no
configure:7292: checking how to run the C preprocessor
configure:7323: gcc -E  conftest.c
configure:7323: $? = 0
configure:7337: gcc -E  conftest.c
conftest.c:11:28: fatal error: ac_nonexistent.h: No such file or directory
compilation terminated.
configure:7337: $? = 1
configure: failed program was:
| /* confdefs.h */
| #define PACKAGE_NAME "libuuid"
| #define PACKAGE_TARNAME "libuuid"
| #define PACKAGE_VERSION "1.0.3"
| #define PACKAGE_STRING "libuuid 1.0.3"
| #define PACKAGE_BUGREPORT "sloowfranklin@gmail.com"
| #define PACKAGE_URL ""
| #define PACKAGE "libuuid"
| #define VERSION "1.0.3"
| /* end confdefs.h.  */
| #include <ac_nonexistent.h>
configure:7362: result: gcc -E
configure:7382: gcc -E  conftest.c
configure:7382: $? = 0
configure:7396: gcc -E  conftest.c
conftest.c:11:28: fatal error: ac_nonexistent.h: No such file or directory
compilation terminated.
configure:7396: $? = 1
configure: failed program was:
| /* confdefs.h */
| #define PACKAGE_NAME "libuuid"
| #define PACKAGE_TARNAME "libuuid"
| #define PACKAGE_VERSION "1.0.3"
| #define PACKAGE_STRING "libuuid 1.0.3"
| #define PACKAGE_BUGREPORT "sloowfranklin@gmail.com"
| #define PACKAGE_URL ""
| #define PACKAGE "libuuid"
| #define VERSION "1.0.3"
| /* end confdefs.h.  */
| #include <ac_nonexistent.h>
configure:7425: checking for ANSI C header files
configure:7445: gcc -c -g -O2  conftest.c >&5
configure:7445: $? = 0
configure:7518: gcc -o conftest.exe -g -O2   conftest.c  >&5
configure:7518: $? = 0
configure:7518: ./conftest.exe
configure:7518: $? = 0
configure:7529: result: yes
configure:7542: checking for sys/types.h
configure:7542: gcc -c -g -O2  conftest.c >&5
configure:7542: $? = 0
configure:7542: result: yes
configure:7542: checking for sys/stat.h
configure:7542: gcc -c -g -O2  conftest.c >&5
configure:7542: $? = 0
configure:7542: result: yes
configure:7542: checking for stdlib.h
configure:7542: gcc -c -g -O2  conftest.c >&5
configure:7542: $? = 0
configure:7542: result: yes
configure:7542: checking for string.h
configure:7542: gcc -c -g -O2  conftest.c >&5
configure:7542: $? = 0
configure:7542: result: yes
configure:7542: checking for memory.h
configure:7542: gcc -c -g -O2  conftest.c >&5
configure:7542: $? = 0
configure:7542: result: yes
configure:7542: checking for strings.h
configure:7542: gcc -c -g -O2  conftest.c >&5
configure:7542: $? = 0
configure:7542: result: yes
configure:7542: checking for inttypes.h
configure:7542: gcc -c -g -O2  conftest.c >&5
configure:7542: $? = 0
configure:7542: result: yes
configure:7542: checking for stdint.h
configure:7542: gcc -c -g -O2  conftest.c >&5
configure:7542: $? = 0
configure:7542: result: yes
configure:7542: checking for unistd.h
configure:7542: gcc -c -g -O2  conftest.c >&5
configure:7542: $? = 0
configure:7542: result: yes
configure:7556: checking for dlfcn.h
configure:7556: gcc -c -g -O2  conftest.c >&5
conftest.c:55:19: fatal error: dlfcn.h: No such file or directory
compilation terminated.
configure:7556: $? = 1
configure: failed program was:
| /* confdefs.h */
| #define PACKAGE_NAME "libuuid"
| #define PACKAGE_TARNAME "libuuid"
| #define PACKAGE_VERSION "1.0.3"
| #define PACKAGE_STRING "libuuid 1.0.3"
| #define PACKAGE_BUGREPORT "sloowfranklin@gmail.com"
| #define PACKAGE_URL ""
| #define PACKAGE "libuuid"
| #define VERSION "1.0.3"
| #define STDC_HEADERS 1
| #define HAVE_SYS_TYPES_H 1
| #define HAVE_SYS_STAT_H 1
| #define HAVE_STDLIB_H 1
| #define HAVE_STRING_H 1
| #define HAVE_MEMORY_H 1
| #define HAVE_STRINGS_H 1
| #define HAVE_INTTYPES_H 1
| #define HAVE_STDINT_H 1
| #define HAVE_UNISTD_H 1
| /* end confdefs.h.  */
| #include <stdio.h>
| #ifdef HAVE_SYS_TYPES_H
| # include <sys/types.h>
| #endif
| #ifdef HAVE_SYS_STAT_H
| # include <sys/stat.h>
| #endif
| #ifdef STDC_HEADERS
| # include <stdlib.h>
| # include <stddef.h>
| #else
| # ifdef HAVE_STDLIB_H
| #  include <stdlib.h>
| # endif
| #endif
| #ifdef HAVE_STRING_H
| # if !defined STDC_HEADERS && defined HAVE_MEMORY_H
| #  include <memory.h>
| # endif
| # include <string.h>
| #endif
| #ifdef HAVE_STRINGS_H
| # include <strings.h>
| #endif
| #ifdef HAVE_INTTYPES_H
| # include <inttypes.h>
| #endif
| #ifdef HAVE_STDINT_H
| # include <stdint.h>
| #endif
| #ifdef HAVE_UNISTD_H
| # include <unistd.h>
| #endif
| 
| #include <dlfcn.h>
configure:7556: result: no
configure:7762: checking for objdir
configure:7777: result: .libs
configure:8044: checking if gcc supports -fno-rtti -fno-exceptions
configure:8062: gcc -c -g -O2  -fno-rtti -fno-exceptions conftest.c >&5
cc1.exe: warning: command line option '-fno-rtti' is valid for C++/ObjC++ but not for C
configure:8066: $? = 0
configure:8079: result: no
configure:8406: checking for gcc option to produce PIC
configure:8413: result: -DDLL_EXPORT -DPIC
configure:8421: checking if gcc PIC flag -DDLL_EXPORT -DPIC works
configure:8439: gcc -c -g -O2  -DDLL_EXPORT -DPIC -DPIC conftest.c >&5
configure:8443: $? = 0
configure:8456: result: yes
configure:8485: checking if gcc static flag -static works
configure:8513: result: yes
configure:8528: checking if gcc supports -c -o file.o
configure:8549: gcc -c -g -O2  -o out/conftest2.o conftest.c >&5
configure:8553: $? = 0
configure:8575: result: yes
configure:8583: checking if gcc supports -c -o file.o
configure:8630: result: yes
configure:8663: checking whether the gcc linker (d:/mingw/mingw32/bin/ld.exe) supports shared libraries
configure:9816: result: yes
configure:9853: checking whether -lc should be explicitly linked in
configure:9861: gcc -c -g -O2  conftest.c >&5
configure:9864: $? = 0
configure:9879: gcc -shared conftest.o  -v -o ./conftest -Wl,--enable-auto-image-base -Xlinker --out-implib -Xlinker conftest 2\>\&1 \| /usr/bin/grep  -lc  \>/dev/null 2\>\&1
configure:9882: $? = 1
configure:9896: result: yes
configure:10056: checking dynamic linker characteristics
configure:10793: result: Win32 ld.exe
configure:10900: checking how to hardcode library paths into programs
configure:10925: result: immediate
configure:11465: checking whether stripping libraries is possible
configure:11470: result: yes
configure:11505: checking if libtool supports shared libraries
configure:11507: result: yes
configure:11510: checking whether to build shared libraries
configure:11531: result: yes
configure:11534: checking whether to build static libraries
configure:11538: result: yes
configure:11625: checking for gcc
configure:11652: result: gcc
configure:11881: checking for C compiler version
configure:11890: gcc --version >&5
gcc.exe (tdm-1) 5.1.0
Copyright (C) 2015 Free Software Foundation, Inc.
This is free software; see the source for copying conditions.  There is NO
warranty; not even for MERCHANTABILITY or FITNESS FOR A PARTICULAR PURPOSE.

configure:11901: $? = 0
configure:11890: gcc -v >&5
Using built-in specs.
COLLECT_GCC=d:\mingw\bin\gcc.exe
COLLECT_LTO_WRAPPER=d:/mingw/bin/../libexec/gcc/mingw32/5.1.0/lto-wrapper.exe
Target: mingw32
Configured with: ../../../src/gcc-5.1.0/configure --build=mingw32 --enable-languages=ada,c,c++,fortran,lto,objc,obj-c++ --enable-libgomp --enable-lto --enable-graphite --enable-libstdcxx-debug --enable-threads=posix --enable-version-specific-runtime-libs --enable-fully-dynamic-string --enable-libstdcxx-threads --enable-libstdcxx-time --with-gnu-ld --disable-werror --disable-nls --disable-win32-registry --disable-symvers --enable-cxx-flags='-fno-function-sections -fno-data-sections -DWINPTHREAD_STATIC' --prefix=/mingw32tdm --with-local-prefix=/mingw32tdm --with-pkgversion=tdm-1 --enable-sjlj-exceptions --with-bugurl=http://tdm-gcc.tdragon.net/bugs
Thread model: posix
gcc version 5.1.0 (tdm-1) 
configure:11901: $? = 0
configure:11890: gcc -V >&5
gcc.exe: error: unrecognized command line option '-V'
gcc.exe: fatal error: no input files
compilation terminated.
configure:11901: $? = 1
configure:11890: gcc -qversion >&5
gcc.exe: error: unrecognized command line option '-qversion'
gcc.exe: fatal error: no input files
compilation terminated.
configure:11901: $? = 1
configure:11905: checking whether we are using the GNU C compiler
configure:11933: result: yes
configure:11942: checking whether gcc accepts -g
configure:12003: result: yes
configure:12020: checking for gcc option to accept ISO C89
configure:12096: result: none needed
configure:12118: checking dependency style of gcc
configure:12229: result: gcc3
configure:12248: checking for library containing socket
configure:12279: gcc -o conftest.exe -g -O2   conftest.c  >&5
C:\Users\jason\AppData\Local\Temp\ccmFSGN8.o: In function `main':
d:\proj\libuuid-1.0.3/conftest.c:33: undefined reference to `socket'
collect2.exe: error: ld returned 1 exit status
configure:12279: $? = 1
configure: failed program was:
| /* confdefs.h */
| #define PACKAGE_NAME "libuuid"
| #define PACKAGE_TARNAME "libuuid"
| #define PACKAGE_VERSION "1.0.3"
| #define PACKAGE_STRING "libuuid 1.0.3"
| #define PACKAGE_BUGREPORT "sloowfranklin@gmail.com"
| #define PACKAGE_URL ""
| #define PACKAGE "libuuid"
| #define VERSION "1.0.3"
| #define STDC_HEADERS 1
| #define HAVE_SYS_TYPES_H 1
| #define HAVE_SYS_STAT_H 1
| #define HAVE_STDLIB_H 1
| #define HAVE_STRING_H 1
| #define HAVE_MEMORY_H 1
| #define HAVE_STRINGS_H 1
| #define HAVE_INTTYPES_H 1
| #define HAVE_STDINT_H 1
| #define HAVE_UNISTD_H 1
| #define LT_OBJDIR ".libs/"
| /* end confdefs.h.  */
| 
| /* Override any GCC internal prototype to avoid an error.
|    Use char because int might match the return type of a GCC
|    builtin and then its argument prototype would still apply.  */
| #ifdef __cplusplus
| extern "C"
| #endif
| char socket ();
| int
| main ()
| {
| return socket ();
|   ;
|   return 0;
| }
configure:12279: gcc -o conftest.exe -g -O2   conftest.c -lsocket   >&5
d:/mingw/bin/../lib/gcc/mingw32/5.1.0/../../../../mingw32/bin/ld.exe: cannot find -lsocket
collect2.exe: error: ld returned 1 exit status
configure:12279: $? = 1
configure: failed program was:
| /* confdefs.h */
| #define PACKAGE_NAME "libuuid"
| #define PACKAGE_TARNAME "libuuid"
| #define PACKAGE_VERSION "1.0.3"
| #define PACKAGE_STRING "libuuid 1.0.3"
| #define PACKAGE_BUGREPORT "sloowfranklin@gmail.com"
| #define PACKAGE_URL ""
| #define PACKAGE "libuuid"
| #define VERSION "1.0.3"
| #define STDC_HEADERS 1
| #define HAVE_SYS_TYPES_H 1
| #define HAVE_SYS_STAT_H 1
| #define HAVE_STDLIB_H 1
| #define HAVE_STRING_H 1
| #define HAVE_MEMORY_H 1
| #define HAVE_STRINGS_H 1
| #define HAVE_INTTYPES_H 1
| #define HAVE_STDINT_H 1
| #define HAVE_UNISTD_H 1
| #define LT_OBJDIR ".libs/"
| /* end confdefs.h.  */
| 
| /* Override any GCC internal prototype to avoid an error.
|    Use char because int might match the return type of a GCC
|    builtin and then its argument prototype would still apply.  */
| #ifdef __cplusplus
| extern "C"
| #endif
| char socket ();
| int
| main ()
| {
| return socket ();
|   ;
|   return 0;
| }
configure:12296: result: no
configure:12312: checking fcntl.h usability
configure:12312: gcc -c -g -O2  conftest.c >&5
configure:12312: $? = 0
configure:12312: result: yes
configure:12312: checking fcntl.h presence
configure:12312: gcc -E  conftest.c
configure:12312: $? = 0
configure:12312: result: yes
configure:12312: checking for fcntl.h
configure:12312: result: yes
configure:12312: checking for inttypes.h
configure:12312: result: yes
configure:12312: checking limits.h usability
configure:12312: gcc -c -g -O2  conftest.c >&5
configure:12312: $? = 0
configure:12312: result: yes
configure:12312: checking limits.h presence
configure:12312: gcc -E  conftest.c
configure:12312: $? = 0
configure:12312: result: yes
configure:12312: checking for limits.h
configure:12312: result: yes
configure:12312: checking netinet/in.h usability
configure:12312: gcc -c -g -O2  conftest.c >&5
conftest.c:58:24: fatal error: netinet/in.h: No such file or directory
compilation terminated.
configure:12312: $? = 1
configure: failed program was:
| /* confdefs.h */
| #define PACKAGE_NAME "libuuid"
| #define PACKAGE_TARNAME "libuuid"
| #define PACKAGE_VERSION "1.0.3"
| #define PACKAGE_STRING "libuuid 1.0.3"
| #define PACKAGE_BUGREPORT "sloowfranklin@gmail.com"
| #define PACKAGE_URL ""
| #define PACKAGE "libuuid"
| #define VERSION "1.0.3"
| #define STDC_HEADERS 1
| #define HAVE_SYS_TYPES_H 1
| #define HAVE_SYS_STAT_H 1
| #define HAVE_STDLIB_H 1
| #define HAVE_STRING_H 1
| #define HAVE_MEMORY_H 1
| #define HAVE_STRINGS_H 1
| #define HAVE_INTTYPES_H 1
| #define HAVE_STDINT_H 1
| #define HAVE_UNISTD_H 1
| #define LT_OBJDIR ".libs/"
| #define HAVE_FCNTL_H 1
| #define HAVE_INTTYPES_H 1
| #define HAVE_LIMITS_H 1
| /* end confdefs.h.  */
| #include <stdio.h>
| #ifdef HAVE_SYS_TYPES_H
| # include <sys/types.h>
| #endif
| #ifdef HAVE_SYS_STAT_H
| # include <sys/stat.h>
| #endif
| #ifdef STDC_HEADERS
| # include <stdlib.h>
| # include <stddef.h>
| #else
| # ifdef HAVE_STDLIB_H
| #  include <stdlib.h>
| # endif
| #endif
| #ifdef HAVE_STRING_H
| # if !defined STDC_HEADERS && defined HAVE_MEMORY_H
| #  include <memory.h>
| # endif
| # include <string.h>
| #endif
| #ifdef HAVE_STRINGS_H
| # include <strings.h>
| #endif
| #ifdef HAVE_INTTYPES_H
| # include <inttypes.h>
| #endif
| #ifdef HAVE_STDINT_H
| # include <stdint.h>
| #endif
| #ifdef HAVE_UNISTD_H
| # include <unistd.h>
| #endif
| #include <netinet/in.h>
configure:12312: result: no
configure:12312: checking netinet/in.h presence
configure:12312: gcc -E  conftest.c
conftest.c:25:24: fatal error: netinet/in.h: No such file or directory
compilation terminated.
configure:12312: $? = 1
configure: failed program was:
| /* confdefs.h */
| #define PACKAGE_NAME "libuuid"
| #define PACKAGE_TARNAME "libuuid"
| #define PACKAGE_VERSION "1.0.3"
| #define PACKAGE_STRING "libuuid 1.0.3"
| #define PACKAGE_BUGREPORT "sloowfranklin@gmail.com"
| #define PACKAGE_URL ""
| #define PACKAGE "libuuid"
| #define VERSION "1.0.3"
| #define STDC_HEADERS 1
| #define HAVE_SYS_TYPES_H 1
| #define HAVE_SYS_STAT_H 1
| #define HAVE_STDLIB_H 1
| #define HAVE_STRING_H 1
| #define HAVE_MEMORY_H 1
| #define HAVE_STRINGS_H 1
| #define HAVE_INTTYPES_H 1
| #define HAVE_STDINT_H 1
| #define HAVE_UNISTD_H 1
| #define LT_OBJDIR ".libs/"
| #define HAVE_FCNTL_H 1
| #define HAVE_INTTYPES_H 1
| #define HAVE_LIMITS_H 1
| /* end confdefs.h.  */
| #include <netinet/in.h>
configure:12312: result: no
configure:12312: checking for netinet/in.h
configure:12312: result: no
configure:12312: checking for stdlib.h
configure:12312: result: yes
configure:12312: checking for string.h
configure:12312: result: yes
configure:12312: checking sys/file.h usability
configure:12312: gcc -c -g -O2  conftest.c >&5
configure:12312: $? = 0
configure:12312: result: yes
configure:12312: checking sys/file.h presence
configure:12312: gcc -E  conftest.c
configure:12312: $? = 0
configure:12312: result: yes
configure:12312: checking for sys/file.h
configure:12312: result: yes
configure:12312: checking sys/ioctl.h usability
configure:12312: gcc -c -g -O2  conftest.c >&5
conftest.c:61:23: fatal error: sys/ioctl.h: No such file or directory
compilation terminated.
configure:12312: $? = 1
configure: failed program was:
| /* confdefs.h */
| #define PACKAGE_NAME "libuuid"
| #define PACKAGE_TARNAME "libuuid"
| #define PACKAGE_VERSION "1.0.3"
| #define PACKAGE_STRING "libuuid 1.0.3"
| #define PACKAGE_BUGREPORT "sloowfranklin@gmail.com"
| #define PACKAGE_URL ""
| #define PACKAGE "libuuid"
| #define VERSION "1.0.3"
| #define STDC_HEADERS 1
| #define HAVE_SYS_TYPES_H 1
| #define HAVE_SYS_STAT_H 1
| #define HAVE_STDLIB_H 1
| #define HAVE_STRING_H 1
| #define HAVE_MEMORY_H 1
| #define HAVE_STRINGS_H 1
| #define HAVE_INTTYPES_H 1
| #define HAVE_STDINT_H 1
| #define HAVE_UNISTD_H 1
| #define LT_OBJDIR ".libs/"
| #define HAVE_FCNTL_H 1
| #define HAVE_INTTYPES_H 1
| #define HAVE_LIMITS_H 1
| #define HAVE_STDLIB_H 1
| #define HAVE_STRING_H 1
| #define HAVE_SYS_FILE_H 1
| /* end confdefs.h.  */
| #include <stdio.h>
| #ifdef HAVE_SYS_TYPES_H
| # include <sys/types.h>
| #endif
| #ifdef HAVE_SYS_STAT_H
| # include <sys/stat.h>
| #endif
| #ifdef STDC_HEADERS
| # include <stdlib.h>
| # include <stddef.h>
| #else
| # ifdef HAVE_STDLIB_H
| #  include <stdlib.h>
| # endif
| #endif
| #ifdef HAVE_STRING_H
| # if !defined STDC_HEADERS && defined HAVE_MEMORY_H
| #  include <memory.h>
| # endif
| # include <string.h>
| #endif
| #ifdef HAVE_STRINGS_H
| # include <strings.h>
| #endif
| #ifdef HAVE_INTTYPES_H
| # include <inttypes.h>
| #endif
| #ifdef HAVE_STDINT_H
| # include <stdint.h>
| #endif
| #ifdef HAVE_UNISTD_H
| # include <unistd.h>
| #endif
| #include <sys/ioctl.h>
configure:12312: result: no
configure:12312: checking sys/ioctl.h presence
configure:12312: gcc -E  conftest.c
conftest.c:28:23: fatal error: sys/ioctl.h: No such file or directory
compilation terminated.
configure:12312: $? = 1
configure: failed program was:
| /* confdefs.h */
| #define PACKAGE_NAME "libuuid"
| #define PACKAGE_TARNAME "libuuid"
| #define PACKAGE_VERSION "1.0.3"
| #define PACKAGE_STRING "libuuid 1.0.3"
| #define PACKAGE_BUGREPORT "sloowfranklin@gmail.com"
| #define PACKAGE_URL ""
| #define PACKAGE "libuuid"
| #define VERSION "1.0.3"
| #define STDC_HEADERS 1
| #define HAVE_SYS_TYPES_H 1
| #define HAVE_SYS_STAT_H 1
| #define HAVE_STDLIB_H 1
| #define HAVE_STRING_H 1
| #define HAVE_MEMORY_H 1
| #define HAVE_STRINGS_H 1
| #define HAVE_INTTYPES_H 1
| #define HAVE_STDINT_H 1
| #define HAVE_UNISTD_H 1
| #define LT_OBJDIR ".libs/"
| #define HAVE_FCNTL_H 1
| #define HAVE_INTTYPES_H 1
| #define HAVE_LIMITS_H 1
| #define HAVE_STDLIB_H 1
| #define HAVE_STRING_H 1
| #define HAVE_SYS_FILE_H 1
| /* end confdefs.h.  */
| #include <sys/ioctl.h>
configure:12312: result: no
configure:12312: checking for sys/ioctl.h
configure:12312: result: no
configure:12312: checking sys/socket.h usability
configure:12312: gcc -c -g -O2  conftest.c >&5
conftest.c:61:24: fatal error: sys/socket.h: No such file or directory
compilation terminated.
configure:12312: $? = 1
configure: failed program was:
| /* confdefs.h */
| #define PACKAGE_NAME "libuuid"
| #define PACKAGE_TARNAME "libuuid"
| #define PACKAGE_VERSION "1.0.3"
| #define PACKAGE_STRING "libuuid 1.0.3"
| #define PACKAGE_BUGREPORT "sloowfranklin@gmail.com"
| #define PACKAGE_URL ""
| #define PACKAGE "libuuid"
| #define VERSION "1.0.3"
| #define STDC_HEADERS 1
| #define HAVE_SYS_TYPES_H 1
| #define HAVE_SYS_STAT_H 1
| #define HAVE_STDLIB_H 1
| #define HAVE_STRING_H 1
| #define HAVE_MEMORY_H 1
| #define HAVE_STRINGS_H 1
| #define HAVE_INTTYPES_H 1
| #define HAVE_STDINT_H 1
| #define HAVE_UNISTD_H 1
| #define LT_OBJDIR ".libs/"
| #define HAVE_FCNTL_H 1
| #define HAVE_INTTYPES_H 1
| #define HAVE_LIMITS_H 1
| #define HAVE_STDLIB_H 1
| #define HAVE_STRING_H 1
| #define HAVE_SYS_FILE_H 1
| /* end confdefs.h.  */
| #include <stdio.h>
| #ifdef HAVE_SYS_TYPES_H
| # include <sys/types.h>
| #endif
| #ifdef HAVE_SYS_STAT_H
| # include <sys/stat.h>
| #endif
| #ifdef STDC_HEADERS
| # include <stdlib.h>
| # include <stddef.h>
| #else
| # ifdef HAVE_STDLIB_H
| #  include <stdlib.h>
| # endif
| #endif
| #ifdef HAVE_STRING_H
| # if !defined STDC_HEADERS && defined HAVE_MEMORY_H
| #  include <memory.h>
| # endif
| # include <string.h>
| #endif
| #ifdef HAVE_STRINGS_H
| # include <strings.h>
| #endif
| #ifdef HAVE_INTTYPES_H
| # include <inttypes.h>
| #endif
| #ifdef HAVE_STDINT_H
| # include <stdint.h>
| #endif
| #ifdef HAVE_UNISTD_H
| # include <unistd.h>
| #endif
| #include <sys/socket.h>
configure:12312: result: no
configure:12312: checking sys/socket.h presence
configure:12312: gcc -E  conftest.c
conftest.c:28:24: fatal error: sys/socket.h: No such file or directory
compilation terminated.
configure:12312: $? = 1
configure: failed program was:
| /* confdefs.h */
| #define PACKAGE_NAME "libuuid"
| #define PACKAGE_TARNAME "libuuid"
| #define PACKAGE_VERSION "1.0.3"
| #define PACKAGE_STRING "libuuid 1.0.3"
| #define PACKAGE_BUGREPORT "sloowfranklin@gmail.com"
| #define PACKAGE_URL ""
| #define PACKAGE "libuuid"
| #define VERSION "1.0.3"
| #define STDC_HEADERS 1
| #define HAVE_SYS_TYPES_H 1
| #define HAVE_SYS_STAT_H 1
| #define HAVE_STDLIB_H 1
| #define HAVE_STRING_H 1
| #define HAVE_MEMORY_H 1
| #define HAVE_STRINGS_H 1
| #define HAVE_INTTYPES_H 1
| #define HAVE_STDINT_H 1
| #define HAVE_UNISTD_H 1
| #define LT_OBJDIR ".libs/"
| #define HAVE_FCNTL_H 1
| #define HAVE_INTTYPES_H 1
| #define HAVE_LIMITS_H 1
| #define HAVE_STDLIB_H 1
| #define HAVE_STRING_H 1
| #define HAVE_SYS_FILE_H 1
| /* end confdefs.h.  */
| #include <sys/socket.h>
configure:12312: result: no
configure:12312: checking for sys/socket.h
configure:12312: result: no
configure:12312: checking sys/time.h usability
configure:12312: gcc -c -g -O2  conftest.c >&5
configure:12312: $? = 0
configure:12312: result: yes
configure:12312: checking sys/time.h presence
configure:12312: gcc -E  conftest.c
configure:12312: $? = 0
configure:12312: result: yes
configure:12312: checking for sys/time.h
configure:12312: result: yes
configure:12312: checking for unistd.h
configure:12312: result: yes
configure:12322: checking whether _SC_HOST_NAME_MAX is declared
configure:12322: gcc -c -g -O2  conftest.c >&5
conftest.c: In function 'main':
conftest.c:70:10: error: '_SC_HOST_NAME_MAX' undeclared (first use in this function)
   (void) _SC_HOST_NAME_MAX;
          ^
conftest.c:70:10: note: each undeclared identifier is reported only once for each function it appears in
configure:12322: $? = 1
configure: failed program was:
| /* confdefs.h */
| #define PACKAGE_NAME "libuuid"
| #define PACKAGE_TARNAME "libuuid"
| #define PACKAGE_VERSION "1.0.3"
| #define PACKAGE_STRING "libuuid 1.0.3"
| #define PACKAGE_BUGREPORT "sloowfranklin@gmail.com"
| #define PACKAGE_URL ""
| #define PACKAGE "libuuid"
| #define VERSION "1.0.3"
| #define STDC_HEADERS 1
| #define HAVE_SYS_TYPES_H 1
| #define HAVE_SYS_STAT_H 1
| #define HAVE_STDLIB_H 1
| #define HAVE_STRING_H 1
| #define HAVE_MEMORY_H 1
| #define HAVE_STRINGS_H 1
| #define HAVE_INTTYPES_H 1
| #define HAVE_STDINT_H 1
| #define HAVE_UNISTD_H 1
| #define LT_OBJDIR ".libs/"
| #define HAVE_FCNTL_H 1
| #define HAVE_INTTYPES_H 1
| #define HAVE_LIMITS_H 1
| #define HAVE_STDLIB_H 1
| #define HAVE_STRING_H 1
| #define HAVE_SYS_FILE_H 1
| #define HAVE_SYS_TIME_H 1
| #define HAVE_UNISTD_H 1
| /* end confdefs.h.  */
| #include <stdio.h>
| #ifdef HAVE_SYS_TYPES_H
| # include <sys/types.h>
| #endif
| #ifdef HAVE_SYS_STAT_H
| # include <sys/stat.h>
| #endif
| #ifdef STDC_HEADERS
| # include <stdlib.h>
| # include <stddef.h>
| #else
| # ifdef HAVE_STDLIB_H
| #  include <stdlib.h>
| # endif
| #endif
| #ifdef HAVE_STRING_H
| # if !defined STDC_HEADERS && defined HAVE_MEMORY_H
| #  include <memory.h>
| # endif
| # include <string.h>
| #endif
| #ifdef HAVE_STRINGS_H
| # include <strings.h>
| #endif
| #ifdef HAVE_INTTYPES_H
| # include <inttypes.h>
| #endif
| #ifdef HAVE_STDINT_H
| # include <stdint.h>
| #endif
| #ifdef HAVE_UNISTD_H
| # include <unistd.h>
| #endif
| int
| main ()
| {
| #ifndef _SC_HOST_NAME_MAX
| #ifdef __cplusplus
|   (void) _SC_HOST_NAME_MAX;
| #else
|   (void) _SC_HOST_NAME_MAX;
| #endif
| #endif
| 
|   ;
|   return 0;
| }
configure:12322: result: no
configure:12335: checking for int32_t
configure:12335: gcc -c -g -O2  conftest.c >&5
configure:12335: $? = 0
configure:12335: gcc -c -g -O2  conftest.c >&5
conftest.c: In function 'main':
conftest.c:69:53: warning: integer overflow in expression [-Woverflow]
    < (int32_t) (((((int32_t) 1 << N) << N) - 1) * 2 + 2))];
                                                     ^
conftest.c:68:12: error: storage size of 'test_array' isn't constant
 static int test_array [1 - 2 * !((int32_t) (((((int32_t) 1 << N) << N) - 1) * 2 + 1)
            ^
configure:12335: $? = 1
configure: failed program was:
| /* confdefs.h */
| #define PACKAGE_NAME "libuuid"
| #define PACKAGE_TARNAME "libuuid"
| #define PACKAGE_VERSION "1.0.3"
| #define PACKAGE_STRING "libuuid 1.0.3"
| #define PACKAGE_BUGREPORT "sloowfranklin@gmail.com"
| #define PACKAGE_URL ""
| #define PACKAGE "libuuid"
| #define VERSION "1.0.3"
| #define STDC_HEADERS 1
| #define HAVE_SYS_TYPES_H 1
| #define HAVE_SYS_STAT_H 1
| #define HAVE_STDLIB_H 1
| #define HAVE_STRING_H 1
| #define HAVE_MEMORY_H 1
| #define HAVE_STRINGS_H 1
| #define HAVE_INTTYPES_H 1
| #define HAVE_STDINT_H 1
| #define HAVE_UNISTD_H 1
| #define LT_OBJDIR ".libs/"
| #define HAVE_FCNTL_H 1
| #define HAVE_INTTYPES_H 1
| #define HAVE_LIMITS_H 1
| #define HAVE_STDLIB_H 1
| #define HAVE_STRING_H 1
| #define HAVE_SYS_FILE_H 1
| #define HAVE_SYS_TIME_H 1
| #define HAVE_UNISTD_H 1
| #define HAVE_DECL__SC_HOST_NAME_MAX 0
| /* end confdefs.h.  */
| #include <stdio.h>
| #ifdef HAVE_SYS_TYPES_H
| # include <sys/types.h>
| #endif
| #ifdef HAVE_SYS_STAT_H
| # include <sys/stat.h>
| #endif
| #ifdef STDC_HEADERS
| # include <stdlib.h>
| # include <stddef.h>
| #else
| # ifdef HAVE_STDLIB_H
| #  include <stdlib.h>
| # endif
| #endif
| #ifdef HAVE_STRING_H
| # if !defined STDC_HEADERS && defined HAVE_MEMORY_H
| #  include <memory.h>
| # endif
| # include <string.h>
| #endif
| #ifdef HAVE_STRINGS_H
| # include <strings.h>
| #endif
| #ifdef HAVE_INTTYPES_H
| # include <inttypes.h>
| #endif
| #ifdef HAVE_STDINT_H
| # include <stdint.h>
| #endif
| #ifdef HAVE_UNISTD_H
| # include <unistd.h>
| #endif
| 	        enum { N = 32 / 2 - 1 };
| int
| main ()
| {
| static int test_array [1 - 2 * !((int32_t) (((((int32_t) 1 << N) << N) - 1) * 2 + 1)
| 		 < (int32_t) (((((int32_t) 1 << N) << N) - 1) * 2 + 2))];
| test_array [0] = 0;
| return test_array [0];
| 
|   ;
|   return 0;
| }
configure:12335: result: yes
configure:12346: checking for mode_t
configure:12346: gcc -c -g -O2  conftest.c >&5
configure:12346: $? = 0
configure:12346: gcc -c -g -O2  conftest.c >&5
conftest.c: In function 'main':
conftest.c:67:21: error: expected expression before ')' token
 if (sizeof ((mode_t)))
                     ^
configure:12346: $? = 1
configure: failed program was:
| /* confdefs.h */
| #define PACKAGE_NAME "libuuid"
| #define PACKAGE_TARNAME "libuuid"
| #define PACKAGE_VERSION "1.0.3"
| #define PACKAGE_STRING "libuuid 1.0.3"
| #define PACKAGE_BUGREPORT "sloowfranklin@gmail.com"
| #define PACKAGE_URL ""
| #define PACKAGE "libuuid"
| #define VERSION "1.0.3"
| #define STDC_HEADERS 1
| #define HAVE_SYS_TYPES_H 1
| #define HAVE_SYS_STAT_H 1
| #define HAVE_STDLIB_H 1
| #define HAVE_STRING_H 1
| #define HAVE_MEMORY_H 1
| #define HAVE_STRINGS_H 1
| #define HAVE_INTTYPES_H 1
| #define HAVE_STDINT_H 1
| #define HAVE_UNISTD_H 1
| #define LT_OBJDIR ".libs/"
| #define HAVE_FCNTL_H 1
| #define HAVE_INTTYPES_H 1
| #define HAVE_LIMITS_H 1
| #define HAVE_STDLIB_H 1
| #define HAVE_STRING_H 1
| #define HAVE_SYS_FILE_H 1
| #define HAVE_SYS_TIME_H 1
| #define HAVE_UNISTD_H 1
| #define HAVE_DECL__SC_HOST_NAME_MAX 0
| /* end confdefs.h.  */
| #include <stdio.h>
| #ifdef HAVE_SYS_TYPES_H
| # include <sys/types.h>
| #endif
| #ifdef HAVE_SYS_STAT_H
| # include <sys/stat.h>
| #endif
| #ifdef STDC_HEADERS
| # include <stdlib.h>
| # include <stddef.h>
| #else
| # ifdef HAVE_STDLIB_H
| #  include <stdlib.h>
| # endif
| #endif
| #ifdef HAVE_STRING_H
| # if !defined STDC_HEADERS && defined HAVE_MEMORY_H
| #  include <memory.h>
| # endif
| # include <string.h>
| #endif
| #ifdef HAVE_STRINGS_H
| # include <strings.h>
| #endif
| #ifdef HAVE_INTTYPES_H
| # include <inttypes.h>
| #endif
| #ifdef HAVE_STDINT_H
| # include <stdint.h>
| #endif
| #ifdef HAVE_UNISTD_H
| # include <unistd.h>
| #endif
| int
| main ()
| {
| if (sizeof ((mode_t)))
| 	    return 0;
|   ;
|   return 0;
| }
configure:12346: result: yes
configure:12357: checking for size_t
configure:12357: gcc -c -g -O2  conftest.c >&5
configure:12357: $? = 0
configure:12357: gcc -c -g -O2  conftest.c >&5
conftest.c: In function 'main':
conftest.c:67:21: error: expected expression before ')' token
 if (sizeof ((size_t)))
                     ^
configure:12357: $? = 1
configure: failed program was:
| /* confdefs.h */
| #define PACKAGE_NAME "libuuid"
| #define PACKAGE_TARNAME "libuuid"
| #define PACKAGE_VERSION "1.0.3"
| #define PACKAGE_STRING "libuuid 1.0.3"
| #define PACKAGE_BUGREPORT "sloowfranklin@gmail.com"
| #define PACKAGE_URL ""
| #define PACKAGE "libuuid"
| #define VERSION "1.0.3"
| #define STDC_HEADERS 1
| #define HAVE_SYS_TYPES_H 1
| #define HAVE_SYS_STAT_H 1
| #define HAVE_STDLIB_H 1
| #define HAVE_STRING_H 1
| #define HAVE_MEMORY_H 1
| #define HAVE_STRINGS_H 1
| #define HAVE_INTTYPES_H 1
| #define HAVE_STDINT_H 1
| #define HAVE_UNISTD_H 1
| #define LT_OBJDIR ".libs/"
| #define HAVE_FCNTL_H 1
| #define HAVE_INTTYPES_H 1
| #define HAVE_LIMITS_H 1
| #define HAVE_STDLIB_H 1
| #define HAVE_STRING_H 1
| #define HAVE_SYS_FILE_H 1
| #define HAVE_SYS_TIME_H 1
| #define HAVE_UNISTD_H 1
| #define HAVE_DECL__SC_HOST_NAME_MAX 0
| /* end confdefs.h.  */
| #include <stdio.h>
| #ifdef HAVE_SYS_TYPES_H
| # include <sys/types.h>
| #endif
| #ifdef HAVE_SYS_STAT_H
| # include <sys/stat.h>
| #endif
| #ifdef STDC_HEADERS
| # include <stdlib.h>
| # include <stddef.h>
| #else
| # ifdef HAVE_STDLIB_H
| #  include <stdlib.h>
| # endif
| #endif
| #ifdef HAVE_STRING_H
| # if !defined STDC_HEADERS && defined HAVE_MEMORY_H
| #  include <memory.h>
| # endif
| # include <string.h>
| #endif
| #ifdef HAVE_STRINGS_H
| # include <strings.h>
| #endif
| #ifdef HAVE_INTTYPES_H
| # include <inttypes.h>
| #endif
| #ifdef HAVE_STDINT_H
| # include <stdint.h>
| #endif
| #ifdef HAVE_UNISTD_H
| # include <unistd.h>
| #endif
| int
| main ()
| {
| if (sizeof ((size_t)))
| 	    return 0;
|   ;
|   return 0;
| }
configure:12357: result: yes
configure:12368: checking for ssize_t
configure:12368: gcc -c -g -O2  conftest.c >&5
configure:12368: $? = 0
configure:12368: gcc -c -g -O2  conftest.c >&5
conftest.c: In function 'main':
conftest.c:67:22: error: expected expression before ')' token
 if (sizeof ((ssize_t)))
                      ^
configure:12368: $? = 1
configure: failed program was:
| /* confdefs.h */
| #define PACKAGE_NAME "libuuid"
| #define PACKAGE_TARNAME "libuuid"
| #define PACKAGE_VERSION "1.0.3"
| #define PACKAGE_STRING "libuuid 1.0.3"
| #define PACKAGE_BUGREPORT "sloowfranklin@gmail.com"
| #define PACKAGE_URL ""
| #define PACKAGE "libuuid"
| #define VERSION "1.0.3"
| #define STDC_HEADERS 1
| #define HAVE_SYS_TYPES_H 1
| #define HAVE_SYS_STAT_H 1
| #define HAVE_STDLIB_H 1
| #define HAVE_STRING_H 1
| #define HAVE_MEMORY_H 1
| #define HAVE_STRINGS_H 1
| #define HAVE_INTTYPES_H 1
| #define HAVE_STDINT_H 1
| #define HAVE_UNISTD_H 1
| #define LT_OBJDIR ".libs/"
| #define HAVE_FCNTL_H 1
| #define HAVE_INTTYPES_H 1
| #define HAVE_LIMITS_H 1
| #define HAVE_STDLIB_H 1
| #define HAVE_STRING_H 1
| #define HAVE_SYS_FILE_H 1
| #define HAVE_SYS_TIME_H 1
| #define HAVE_UNISTD_H 1
| #define HAVE_DECL__SC_HOST_NAME_MAX 0
| /* end confdefs.h.  */
| #include <stdio.h>
| #ifdef HAVE_SYS_TYPES_H
| # include <sys/types.h>
| #endif
| #ifdef HAVE_SYS_STAT_H
| # include <sys/stat.h>
| #endif
| #ifdef STDC_HEADERS
| # include <stdlib.h>
| # include <stddef.h>
| #else
| # ifdef HAVE_STDLIB_H
| #  include <stdlib.h>
| # endif
| #endif
| #ifdef HAVE_STRING_H
| # if !defined STDC_HEADERS && defined HAVE_MEMORY_H
| #  include <memory.h>
| # endif
| # include <string.h>
| #endif
| #ifdef HAVE_STRINGS_H
| # include <strings.h>
| #endif
| #ifdef HAVE_INTTYPES_H
| # include <inttypes.h>
| #endif
| #ifdef HAVE_STDINT_H
| # include <stdint.h>
| #endif
| #ifdef HAVE_UNISTD_H
| # include <unistd.h>
| #endif
| int
| main ()
| {
| if (sizeof ((ssize_t)))
| 	    return 0;
|   ;
|   return 0;
| }
configure:12368: result: yes
configure:12379: checking for uint16_t
configure:12379: gcc -c -g -O2  conftest.c >&5
configure:12379: $? = 0
configure:12379: result: yes
configure:12391: checking for uint32_t
configure:12391: gcc -c -g -O2  conftest.c >&5
configure:12391: $? = 0
configure:12391: result: yes
configure:12405: checking for uint64_t
configure:12405: gcc -c -g -O2  conftest.c >&5
configure:12405: $? = 0
configure:12405: result: yes
configure:12419: checking for uint8_t
configure:12419: gcc -c -g -O2  conftest.c >&5
configure:12419: $? = 0
configure:12419: result: yes
configure:12438: checking for ftruncate
configure:12438: gcc -o conftest.exe -g -O2   conftest.c  >&5
configure:12438: $? = 0
configure:12438: result: yes
configure:12438: checking for gettimeofday
configure:12438: gcc -o conftest.exe -g -O2   conftest.c  >&5
configure:12438: $? = 0
configure:12438: result: yes
configure:12438: checking for memset
configure:12438: gcc -o conftest.exe -g -O2   conftest.c  >&5
conftest.c:56:6: warning: conflicting types for built-in function 'memset'
 char memset ();
      ^
configure:12438: $? = 0
configure:12438: result: yes
configure:12438: checking for socket
configure:12438: gcc -o conftest.exe -g -O2   conftest.c  >&5
C:\Users\jason\AppData\Local\Temp\cc2taMyd.o: In function `main':
d:\proj\libuuid-1.0.3/conftest.c:68: undefined reference to `socket'
collect2.exe: error: ld returned 1 exit status
configure:12438: $? = 1
configure: failed program was:
| /* confdefs.h */
| #define PACKAGE_NAME "libuuid"
| #define PACKAGE_TARNAME "libuuid"
| #define PACKAGE_VERSION "1.0.3"
| #define PACKAGE_STRING "libuuid 1.0.3"
| #define PACKAGE_BUGREPORT "sloowfranklin@gmail.com"
| #define PACKAGE_URL ""
| #define PACKAGE "libuuid"
| #define VERSION "1.0.3"
| #define STDC_HEADERS 1
| #define HAVE_SYS_TYPES_H 1
| #define HAVE_SYS_STAT_H 1
| #define HAVE_STDLIB_H 1
| #define HAVE_STRING_H 1
| #define HAVE_MEMORY_H 1
| #define HAVE_STRINGS_H 1
| #define HAVE_INTTYPES_H 1
| #define HAVE_STDINT_H 1
| #define HAVE_UNISTD_H 1
| #define LT_OBJDIR ".libs/"
| #define HAVE_FCNTL_H 1
| #define HAVE_INTTYPES_H 1
| #define HAVE_LIMITS_H 1
| #define HAVE_STDLIB_H 1
| #define HAVE_STRING_H 1
| #define HAVE_SYS_FILE_H 1
| #define HAVE_SYS_TIME_H 1
| #define HAVE_UNISTD_H 1
| #define HAVE_DECL__SC_HOST_NAME_MAX 0
| #define HAVE_FTRUNCATE 1
| #define HAVE_GETTIMEOFDAY 1
| #define HAVE_MEMSET 1
| /* end confdefs.h.  */
| /* Define socket to an innocuous variant, in case <limits.h> declares socket.
|    For example, HP-UX 11i <limits.h> declares gettimeofday.  */
| #define socket innocuous_socket
| 
| /* System header to define __stub macros and hopefully few prototypes,
|     which can conflict with char socket (); below.
|     Prefer <limits.h> to <assert.h> if __STDC__ is defined, since
|     <limits.h> exists even on freestanding compilers.  */
| 
| #ifdef __STDC__
| # include <limits.h>
| #else
| # include <assert.h>
| #endif
| 
| #undef socket
| 
| /* Override any GCC internal prototype to avoid an error.
|    Use char because int might match the return type of a GCC
|    builtin and then its argument prototype would still apply.  */
| #ifdef __cplusplus
| extern "C"
| #endif
| char socket ();
| /* The GNU C library defines this for functions which it implements
|     to always fail with ENOSYS.  Some functions are actually named
|     something starting with __ and the normal name is an alias.  */
| #if defined __stub_socket || defined __stub___socket
| choke me
| #endif
| 
| int
| main ()
| {
| return socket ();
|   ;
|   return 0;
| }
configure:12438: result: no
configure:12438: checking for strtoul
configure:12438: gcc -o conftest.exe -g -O2   conftest.c  >&5
configure:12438: $? = 0
configure:12438: result: yes
configure:12438: checking for usleep
configure:12438: gcc -o conftest.exe -g -O2   conftest.c  >&5
configure:12438: $? = 0
configure:12438: result: yes
configure:12438: checking for srandom
configure:12438: gcc -o conftest.exe -g -O2   conftest.c  >&5
C:\Users\jason\AppData\Local\Temp\ccWn3kUF.o: In function `main':
d:\proj\libuuid-1.0.3/conftest.c:70: undefined reference to `srandom'
collect2.exe: error: ld returned 1 exit status
configure:12438: $? = 1
configure: failed program was:
| /* confdefs.h */
| #define PACKAGE_NAME "libuuid"
| #define PACKAGE_TARNAME "libuuid"
| #define PACKAGE_VERSION "1.0.3"
| #define PACKAGE_STRING "libuuid 1.0.3"
| #define PACKAGE_BUGREPORT "sloowfranklin@gmail.com"
| #define PACKAGE_URL ""
| #define PACKAGE "libuuid"
| #define VERSION "1.0.3"
| #define STDC_HEADERS 1
| #define HAVE_SYS_TYPES_H 1
| #define HAVE_SYS_STAT_H 1
| #define HAVE_STDLIB_H 1
| #define HAVE_STRING_H 1
| #define HAVE_MEMORY_H 1
| #define HAVE_STRINGS_H 1
| #define HAVE_INTTYPES_H 1
| #define HAVE_STDINT_H 1
| #define HAVE_UNISTD_H 1
| #define LT_OBJDIR ".libs/"
| #define HAVE_FCNTL_H 1
| #define HAVE_INTTYPES_H 1
| #define HAVE_LIMITS_H 1
| #define HAVE_STDLIB_H 1
| #define HAVE_STRING_H 1
| #define HAVE_SYS_FILE_H 1
| #define HAVE_SYS_TIME_H 1
| #define HAVE_UNISTD_H 1
| #define HAVE_DECL__SC_HOST_NAME_MAX 0
| #define HAVE_FTRUNCATE 1
| #define HAVE_GETTIMEOFDAY 1
| #define HAVE_MEMSET 1
| #define HAVE_STRTOUL 1
| #define HAVE_USLEEP 1
| /* end confdefs.h.  */
| /* Define srandom to an innocuous variant, in case <limits.h> declares srandom.
|    For example, HP-UX 11i <limits.h> declares gettimeofday.  */
| #define srandom innocuous_srandom
| 
| /* System header to define __stub macros and hopefully few prototypes,
|     which can conflict with char srandom (); below.
|     Prefer <limits.h> to <assert.h> if __STDC__ is defined, since
|     <limits.h> exists even on freestanding compilers.  */
| 
| #ifdef __STDC__
| # include <limits.h>
| #else
| # include <assert.h>
| #endif
| 
| #undef srandom
| 
| /* Override any GCC internal prototype to avoid an error.
|    Use char because int might match the return type of a GCC
|    builtin and then its argument prototype would still apply.  */
| #ifdef __cplusplus
| extern "C"
| #endif
| char srandom ();
| /* The GNU C library defines this for functions which it implements
|     to always fail with ENOSYS.  Some functions are actually named
|     something starting with __ and the normal name is an alias.  */
| #if defined __stub_srandom || defined __stub___srandom
| choke me
| #endif
| 
| int
| main ()
| {
| return srandom ();
|   ;
|   return 0;
| }
configure:12438: result: no
configure:12571: checking that generated files are newer than configure
configure:12577: result: done
configure:12604: creating ./config.status

## ---------------------- ##
## Running config.status. ##
## ---------------------- ##

This file was extended by libuuid config.status 1.0.3, which was
generated by GNU Autoconf 2.69.  Invocation command line was

  CONFIG_FILES    = 
  CONFIG_HEADERS  = 
  CONFIG_LINKS    = 
  CONFIG_COMMANDS = 
  $ ./config.status 

on AlienWare14

config.status:1110: creating Makefile
config.status:1110: creating uuid.pc
config.status:1110: creating config.h
config.status:1339: executing depfiles commands
config.status:1339: executing libtool commands

## ---------------- ##
## Cache variables. ##
## ---------------- ##

ac_cv_build=i686-pc-mingw32
ac_cv_c_compiler_gnu=yes
ac_cv_c_int32_t=yes
ac_cv_c_uint16_t=yes
ac_cv_c_uint32_t=yes
ac_cv_c_uint64_t=yes
ac_cv_c_uint8_t=yes
ac_cv_env_CC_set=
ac_cv_env_CC_value=
ac_cv_env_CFLAGS_set=
ac_cv_env_CFLAGS_value=
ac_cv_env_CPPFLAGS_set=
ac_cv_env_CPPFLAGS_value=
ac_cv_env_CPP_set=
ac_cv_env_CPP_value=
ac_cv_env_LDFLAGS_set=
ac_cv_env_LDFLAGS_value=
ac_cv_env_LIBS_set=
ac_cv_env_LIBS_value=
ac_cv_env_build_alias_set=
ac_cv_env_build_alias_value=
ac_cv_env_host_alias_set=
ac_cv_env_host_alias_value=
ac_cv_env_target_alias_set=
ac_cv_env_target_alias_value=
ac_cv_exeext=.exe
ac_cv_func_ftruncate=yes
ac_cv_func_gettimeofday=yes
ac_cv_func_memset=yes
ac_cv_func_socket=no
ac_cv_func_srandom=no
ac_cv_func_strtoul=yes
ac_cv_func_usleep=yes
ac_cv_have_decl__SC_HOST_NAME_MAX=no
ac_cv_header_dlfcn_h=no
ac_cv_header_fcntl_h=yes
ac_cv_header_inttypes_h=yes
ac_cv_header_limits_h=yes
ac_cv_header_memory_h=yes
ac_cv_header_netinet_in_h=no
ac_cv_header_stdc=yes
ac_cv_header_stdint_h=yes
ac_cv_header_stdlib_h=yes
ac_cv_header_string_h=yes
ac_cv_header_strings_h=yes
ac_cv_header_sys_file_h=yes
ac_cv_header_sys_ioctl_h=no
ac_cv_header_sys_socket_h=no
ac_cv_header_sys_stat_h=yes
ac_cv_header_sys_time_h=yes
ac_cv_header_sys_types_h=yes
ac_cv_header_unistd_h=yes
ac_cv_host=i686-pc-mingw32
ac_cv_objext=o
ac_cv_path_EGREP='/usr/bin/grep -E'
ac_cv_path_FGREP='/usr/bin/grep -F'
ac_cv_path_GREP=/usr/bin/grep
ac_cv_path_SED=/usr/bin/sed
ac_cv_path_install='/usr/bin/install -c'
ac_cv_path_mkdir=/usr/bin/mkdir
ac_cv_prog_AWK=gawk
ac_cv_prog_CPP='gcc -E'
ac_cv_prog_ac_ct_AR=ar
ac_cv_prog_ac_ct_CC=gcc
ac_cv_prog_ac_ct_DLLTOOL=dlltool
ac_cv_prog_ac_ct_OBJDUMP=objdump
ac_cv_prog_ac_ct_RANLIB=ranlib
ac_cv_prog_ac_ct_STRIP=strip
ac_cv_prog_cc_c89=
ac_cv_prog_cc_g=yes
ac_cv_prog_make_make_set=yes
ac_cv_search_socket=no
ac_cv_type_mode_t=yes
ac_cv_type_size_t=yes
ac_cv_type_ssize_t=yes
am_cv_CC_dependencies_compiler_type=gcc3
am_cv_make_support_nested_variables=yes
lt_cv_ar_at_file=@
lt_cv_archive_cmds_need_lc=yes
lt_cv_deplibs_check_method='file_magic ^x86 archive import|^x86 DLL'
lt_cv_file_magic_cmd=func_win32_libid
lt_cv_file_magic_test_file=
lt_cv_ld_reload_flag=-r
lt_cv_nm_interface='BSD nm'
lt_cv_objdir=.libs
lt_cv_path_LD=d:/mingw/mingw32/bin/ld.exe
lt_cv_path_NM=/d/mingw/bin/nm
lt_cv_path_mainfest_tool=no
lt_cv_prog_compiler_c_o=yes
lt_cv_prog_compiler_pic='-DDLL_EXPORT -DPIC'
lt_cv_prog_compiler_pic_works=yes
lt_cv_prog_compiler_rtti_exceptions=no
lt_cv_prog_compiler_static_works=yes
lt_cv_prog_gnu_ld=yes
lt_cv_sharedlib_from_linklib_cmd=func_cygming_dll_for_implib
lt_cv_sys_global_symbol_pipe='sed -n -e '\''s/^.*[	 ]\([ABCDGIRSTW][ABCDGIRSTW]*\)[	 ][	 ]*_\([_A-Za-z][_A-Za-z0-9]*\)
\{0,1\}$/\1 _\2 \2/p'\'' | sed '\''/ __gnu_lto/d'\'''
lt_cv_sys_global_symbol_to_c_name_address='sed -n -e '\''s/^: \([^ ]*\)[ ]*$/  {\"\1\", (void *) 0},/p'\'' -e '\''s/^[ABCDGIRSTW]* \([^ ]*\) \([^ ]*\)$/  {"\2", (void *) \&\2},/p'\'''
lt_cv_sys_global_symbol_to_c_name_address_lib_prefix='sed -n -e '\''s/^: \([^ ]*\)[ ]*$/  {\"\1\", (void *) 0},/p'\'' -e '\''s/^[ABCDGIRSTW]* \([^ ]*\) \(lib[^ ]*\)$/  {"\2", (void *) \&\2},/p'\'' -e '\''s/^[ABCDGIRSTW]* \([^ ]*\) \([^ ]*\)$/  {"lib\2", (void *) \&\2},/p'\'''
lt_cv_sys_global_symbol_to_cdecl='sed -n -e '\''s/^T .* \(.*\)$/extern int \1();/p'\'' -e '\''s/^[ABCDGIRSTW]* .* \(.*\)$/extern char \1;/p'\'''
lt_cv_sys_max_cmd_len=8192
lt_cv_to_host_file_cmd=func_convert_file_msys_to_w32
lt_cv_to_tool_file_cmd=func_convert_file_msys_to_w32

## ----------------- ##
## Output variables. ##
## ----------------- ##

ACLOCAL='${SHELL} /d/proj/libuuid-1.0.3/missing aclocal-1.13'
AMDEPBACKSLASH='\'
AMDEP_FALSE='#'
AMDEP_TRUE=''
AMTAR='$${TAR-tar}'
AM_BACKSLASH='\'
AM_DEFAULT_V='$(AM_DEFAULT_VERBOSITY)'
AM_DEFAULT_VERBOSITY='1'
AM_V='$(V)'
AR='ar'
AUTOCONF='${SHELL} /d/proj/libuuid-1.0.3/missing autoconf'
AUTOHEADER='${SHELL} /d/proj/libuuid-1.0.3/missing autoheader'
AUTOMAKE='${SHELL} /d/proj/libuuid-1.0.3/missing automake-1.13'
AWK='gawk'
CC='gcc'
CCDEPMODE='depmode=gcc3'
CFLAGS='-g -O2'
CPP='gcc -E'
CPPFLAGS=''
CYGPATH_W='echo'
DEFS='-DHAVE_CONFIG_H'
DEPDIR='.deps'
DLLTOOL='dlltool'
DSYMUTIL=''
DUMPBIN=''
ECHO_C=''
ECHO_N='-n'
ECHO_T=''
EGREP='/usr/bin/grep -E'
EXEEXT='.exe'
FGREP='/usr/bin/grep -F'
GREP='/usr/bin/grep'
INSTALL_DATA='${INSTALL} -m 644'
INSTALL_PROGRAM='${INSTALL}'
INSTALL_SCRIPT='${INSTALL}'
INSTALL_STRIP_PROGRAM='$(install_sh) -c -s'
LD='d:/mingw/mingw32/bin/ld.exe'
LDFLAGS=''
LIBOBJS=''
LIBS=''
LIBTOOL='$(SHELL) $(top_builddir)/libtool'
LIBUUID_VERSION='1.0.3'
LIBUUID_VERSION_INFO='1:0:0'
LIPO=''
LN_S='cp -pR'
LTLIBOBJS=''
MAKEINFO='${SHELL} /d/proj/libuuid-1.0.3/missing makeinfo'
MANIFEST_TOOL=':'
MKDIR_P='/usr/bin/mkdir -p'
NM='/d/mingw/bin/nm'
NMEDIT=''
OBJDUMP='objdump'
OBJEXT='o'
OTOOL64=''
OTOOL=''
PACKAGE='libuuid'
PACKAGE_BUGREPORT='sloowfranklin@gmail.com'
PACKAGE_NAME='libuuid'
PACKAGE_STRING='libuuid 1.0.3'
PACKAGE_TARNAME='libuuid'
PACKAGE_URL=''
PACKAGE_VERSION='1.0.3'
PATH_SEPARATOR=':'
RANLIB='ranlib'
SED='/usr/bin/sed'
SET_MAKE=''
SHELL='/bin/sh'
SOCKET_LIBS=''
STRIP='strip'
VERSION='1.0.3'
ac_ct_AR='ar'
ac_ct_CC='gcc'
ac_ct_DUMPBIN=''
am__EXEEXT_FALSE='#'
am__EXEEXT_TRUE=''
am__fastdepCC_FALSE='#'
am__fastdepCC_TRUE=''
am__include='include'
am__isrc=''
am__leading_dot='.'
am__nodep='_no'
am__quote=''
am__tar='$${TAR-tar} chof - "$$tardir"'
am__untar='$${TAR-tar} xf -'
bindir='${exec_prefix}/bin'
build='i686-pc-mingw32'
build_alias=''
build_cpu='i686'
build_os='mingw32'
build_vendor='pc'
datadir='${datarootdir}'
datarootdir='${prefix}/share'
docdir='${datarootdir}/doc/${PACKAGE_TARNAME}'
dvidir='${docdir}'
exec_prefix='${prefix}'
host='i686-pc-mingw32'
host_alias=''
host_cpu='i686'
host_os='mingw32'
host_vendor='pc'
htmldir='${docdir}'
includedir='${prefix}/include'
infodir='${datarootdir}/info'
install_sh='${SHELL} /d/proj/libuuid-1.0.3/install-sh'
libdir='${exec_prefix}/lib'
libexecdir='${exec_prefix}/libexec'
localedir='${datarootdir}/locale'
localstatedir='${prefix}/var'
mandir='${datarootdir}/man'
mkdir_p='$(MKDIR_P)'
oldincludedir='/usr/include'
pdfdir='${docdir}'
prefix='/usr/local'
program_transform_name='s,x,x,'
psdir='${docdir}'
sbindir='${exec_prefix}/sbin'
sharedstatedir='${prefix}/com'
sysconfdir='${prefix}/etc'
target_alias=''

## ----------- ##
## confdefs.h. ##
## ----------- ##

/* confdefs.h */
#define PACKAGE_NAME "libuuid"
#define PACKAGE_TARNAME "libuuid"
#define PACKAGE_VERSION "1.0.3"
#define PACKAGE_STRING "libuuid 1.0.3"
#define PACKAGE_BUGREPORT "sloowfranklin@gmail.com"
#define PACKAGE_URL ""
#define PACKAGE "libuuid"
#define VERSION "1.0.3"
#define STDC_HEADERS 1
#define HAVE_SYS_TYPES_H 1
#define HAVE_SYS_STAT_H 1
#define HAVE_STDLIB_H 1
#define HAVE_STRING_H 1
#define HAVE_MEMORY_H 1
#define HAVE_STRINGS_H 1
#define HAVE_INTTYPES_H 1
#define HAVE_STDINT_H 1
#define HAVE_UNISTD_H 1
#define LT_OBJDIR ".libs/"
#define HAVE_FCNTL_H 1
#define HAVE_INTTYPES_H 1
#define HAVE_LIMITS_H 1
#define HAVE_STDLIB_H 1
#define HAVE_STRING_H 1
#define HAVE_SYS_FILE_H 1
#define HAVE_SYS_TIME_H 1
#define HAVE_UNISTD_H 1
#define HAVE_DECL__SC_HOST_NAME_MAX 0
#define HAVE_FTRUNCATE 1
#define HAVE_GETTIMEOFDAY 1
#define HAVE_MEMSET 1
#define HAVE_STRTOUL 1
#define HAVE_USLEEP 1

configure: exit 0
